[0;34m[2026-01-21 16:58:01][0m â•â•â•â•â•â•â•â•â•â•â•â•â•â•â•â•â•â•â•â•â•â•â•â•â•â•â•â•â•â•â•â•â•â•â•â•â•â•â•â•â•â•â•â•â•â•â•â•â•â•â•â•â•â•â•â•â•â•â•â•â•â•â•â•
[0;34m[2026-01-21 16:58:01][0m STAGE 1: SETUP (Verify auth, repos, configuration)
[0;34m[2026-01-21 16:58:01][0m â•â•â•â•â•â•â•â•â•â•â•â•â•â•â•â•â•â•â•â•â•â•â•â•â•â•â•â•â•â•â•â•â•â•â•â•â•â•â•â•â•â•â•â•â•â•â•â•â•â•â•â•â•â•â•â•â•â•â•â•â•â•â•â•
[0;32mâœ… GitHub CLI authenticated[0m
[0;32mâœ… Repository accessible: Axodus/AragonOSX[0m
[0;32mâœ… Repository accessible: Axodus/aragon-app[0m
[0;32mâœ… Repository accessible: Axodus/Aragon-app-backend[0m
[0;32mâœ… STAGE 1 COMPLETE: All repositories verified[0m
[0;34m[2026-01-21 16:58:03][0m â•â•â•â•â•â•â•â•â•â•â•â•â•â•â•â•â•â•â•â•â•â•â•â•â•â•â•â•â•â•â•â•â•â•â•â•â•â•â•â•â•â•â•â•â•â•â•â•â•â•â•â•â•â•â•â•â•â•â•â•â•â•â•â•
[0;34m[2026-01-21 16:58:03][0m STAGE 2: PREPARE (Parse PLAN.md files, generate config)
[0;34m[2026-01-21 16:58:03][0m â•â•â•â•â•â•â•â•â•â•â•â•â•â•â•â•â•â•â•â•â•â•â•â•â•â•â•â•â•â•â•â•â•â•â•â•â•â•â•â•â•â•â•â•â•â•â•â•â•â•â•â•â•â•â•â•â•â•â•â•â•â•â•â•
[0;34m[2026-01-21 16:58:03][0m PLAN.md files will be parsed during issue creation
[0;32mâœ… STAGE 2 COMPLETE: Ready for issue creation[0m
[0;34m[2026-01-21 16:58:03][0m â•â•â•â•â•â•â•â•â•â•â•â•â•â•â•â•â•â•â•â•â•â•â•â•â•â•â•â•â•â•â•â•â•â•â•â•â•â•â•â•â•â•â•â•â•â•â•â•â•â•â•â•â•â•â•â•â•â•â•â•â•â•â•â•
[0;34m[2026-01-21 16:58:03][0m STAGE 3: CREATE (Create parent + child issues with auto-linking)
[0;34m[2026-01-21 16:58:03][0m â•â•â•â•â•â•â•â•â•â•â•â•â•â•â•â•â•â•â•â•â•â•â•â•â•â•â•â•â•â•â•â•â•â•â•â•â•â•â•â•â•â•â•â•â•â•â•â•â•â•â•â•â•â•â•â•â•â•â•â•â•â•â•â•
[0;34m[2026-01-21 16:58:03][0m Processing AragonOSX PLAN-001...
[1;33mâš ï¸  Issue #431 already exists in Axodus/AragonOSX[0m
[0;34m[2026-01-21 16:58:04][0m Updating existing issue with latest content...
[0;32mâœ… Updated Axodus/AragonOSX issue #431[0m
[0;32mâœ… AragonOSX parent issue: #[1;33mâš ï¸  Issue #431 already exists in Axodus/AragonOSX[0m
[0;34m[2026-01-21 16:58:04][0m Updating existing issue with latest content...
[0;32mâœ… Updated Axodus/AragonOSX issue #431[0m
431[0m
[0;34m[2026-01-21 16:58:06][0m Creating child issues for AragonOSX #[1;33mâš ï¸  Issue #431 already exists in Axodus/AragonOSX[0m
[0;34m[2026-01-21 16:58:04][0m Updating existing issue with latest content...
[0;32mâœ… Updated Axodus/AragonOSX issue #431[0m
431...
[0;36mâ„¹ï¸  Child issue already exists: #456 (Indexing Resilience)[0m
[0;36mâ„¹ï¸  Child issue already exists: #457 (Plugin Uninstall (Safety & Cleanup))[0m
[0;36mâ„¹ï¸  Child issue already exists: #458 (Metadata Redundancy (Resilient Proposal Metadata))[0m
[0;36mâ„¹ï¸  Child issue already exists: #459 (Native-Token Voting Support)[0m
[0;34m[2026-01-21 16:58:09][0m Processing aragon-app PLAN-002...
[1;33mâš ï¸  Issue #213 already exists in Axodus/aragon-app[0m
[0;34m[2026-01-21 16:58:10][0m Updating existing issue with latest content...
[0;32mâœ… Updated Axodus/aragon-app issue #213[0m
[0;32mâœ… aragon-app parent issue: #[1;33mâš ï¸  Issue #213 already exists in Axodus/aragon-app[0m
[0;34m[2026-01-21 16:58:10][0m Updating existing issue with latest content...
[0;32mâœ… Updated Axodus/aragon-app issue #213[0m
213[0m
[0;34m[2026-01-21 16:58:11][0m Creating child issues for aragon-app #[1;33mâš ï¸  Issue #213 already exists in Axodus/aragon-app[0m
[0;34m[2026-01-21 16:58:10][0m Updating existing issue with latest content...
[0;32mâœ… Updated Axodus/aragon-app issue #213[0m
213...
[0;36mâ„¹ï¸  Child issue already exists: #214 (Setup Forms (Validator Address Input))[0m
[0;36mâ„¹ï¸  Child issue already exists: #215 (Install Flows)[0m
[0;36mâ„¹ï¸  Child issue already exists: #216 (UI Resilience)[0m
[0;36mâ„¹ï¸  Child issue already exists: #217 (Uninstall UX)[0m
[0;34m[2026-01-21 16:58:13][0m Processing Aragon-app-backend PLAN-003...
[1;33mâš ï¸  Issue #46 already exists in Axodus/Aragon-app-backend[0m
[0;34m[2026-01-21 16:58:13][0m Updating existing issue with latest content...
[0;32mâœ… Updated Axodus/Aragon-app-backend issue #46[0m
[0;32mâœ… Aragon-app-backend parent issue: #[1;33mâš ï¸  Issue #46 already exists in Axodus/Aragon-app-backend[0m
[0;34m[2026-01-21 16:58:13][0m Updating existing issue with latest content...
[0;32mâœ… Updated Axodus/Aragon-app-backend issue #46[0m
46[0m
[0;34m[2026-01-21 16:58:15][0m Creating child issues for Aragon-app-backend #[1;33mâš ï¸  Issue #46 already exists in Axodus/Aragon-app-backend[0m
[0;34m[2026-01-21 16:58:13][0m Updating existing issue with latest content...
[0;32mâœ… Updated Axodus/Aragon-app-backend issue #46[0m
46...
