[0;36mâ„¹ï¸  Mode: Single Stage Execution (STAGE 3)[0m
[0;36mâ„¹ï¸  Mode: Single Repository Execution (Aragon-app-backend)[0m
[0;34m[2026-01-21 17:15:00][0m â•â•â•â•â•â•â•â•â•â•â•â•â•â•â•â•â•â•â•â•â•â•â•â•â•â•â•â•â•â•â•â•â•â•â•â•â•â•â•â•â•â•â•â•â•â•â•â•â•â•â•â•â•â•â•â•â•â•â•â•â•â•â•â•
[0;34m[2026-01-21 17:15:00][0m STAGE 3: CREATE (Create parent + child issues with auto-linking)
[0;34m[2026-01-21 17:15:00][0m â•â•â•â•â•â•â•â•â•â•â•â•â•â•â•â•â•â•â•â•â•â•â•â•â•â•â•â•â•â•â•â•â•â•â•â•â•â•â•â•â•â•â•â•â•â•â•â•â•â•â•â•â•â•â•â•â•â•â•â•â•â•â•â•
[0;34m[2026-01-21 17:15:00][0m Processing Aragon-app-backend PLAN-003...
[1;33mâš ï¸  Issue #46 already exists in Axodus/Aragon-app-backend[0m
[0;34m[2026-01-21 17:15:01][0m Updating existing issue with latest content...
[0;32mâœ… Updated Axodus/Aragon-app-backend issue #46[0m
[0;32mâœ… Aragon-app-backend parent issue: #[1;33mâš ï¸  Issue #46 already exists in Axodus/Aragon-app-backend[0m
[0;34m[2026-01-21 17:15:01][0m Updating existing issue with latest content...
[0;32mâœ… Updated Axodus/Aragon-app-backend issue #46[0m
46[0m
[0;34m[2026-01-21 17:15:02][0m Creating child issues for Aragon-app-backend #[1;33mâš ï¸  Issue #46 already exists in Axodus/Aragon-app-backend[0m
[0;34m[2026-01-21 17:15:01][0m Updating existing issue with latest content...
[0;32mâœ… Updated Axodus/Aragon-app-backend issue #46[0m
46...
[0;36mâ„¹ï¸  Child issue already exists: #47 (Event Handlers (VoteCast, Proposal, Execute))[0m
[0;36mâ„¹ï¸  Child issue already exists: #48 (Indexing Resilience (Retry logic, Circuit Breakers))[0m
[0;36mâ„¹ï¸  Child issue already exists: #49 (Observability (Prometheus, Logging, Dashboards))[0m
[0;36mâ„¹ï¸  Child issue already exists: #50 (Metadata Indexing (IPFS Fallback))[0m
[0;36mâ„¹ï¸  Child issue already exists: #51 (Native-Token Support)[0m
[0;36mâ„¹ï¸  Child issue already exists: #52 (E2E Testing & Deploy)[0m
[0;32mâœ… STAGE 3 COMPLETE: All issues and child issues created[0m
