[0;34m[2026-01-21 16:13:03][0m â•â•â•â•â•â•â•â•â•â•â•â•â•â•â•â•â•â•â•â•â•â•â•â•â•â•â•â•â•â•â•â•â•â•â•â•â•â•â•â•â•â•â•â•â•â•â•â•â•â•â•â•â•â•â•â•â•â•â•â•â•â•â•â•
[0;34m[2026-01-21 16:13:03][0m STAGE 1: SETUP (Verify auth, repos, configuration)
[0;34m[2026-01-21 16:13:03][0m â•â•â•â•â•â•â•â•â•â•â•â•â•â•â•â•â•â•â•â•â•â•â•â•â•â•â•â•â•â•â•â•â•â•â•â•â•â•â•â•â•â•â•â•â•â•â•â•â•â•â•â•â•â•â•â•â•â•â•â•â•â•â•â•
[0;32mâœ… GitHub CLI authenticated[0m
[0;32mâœ… Repository accessible: Axodus/AragonOSX[0m
[0;32mâœ… Repository accessible: Axodus/aragon-app[0m
[0;32mâœ… Repository accessible: Axodus/Aragon-app-backend[0m
[0;32mâœ… STAGE 1 COMPLETE: All repositories verified[0m
[0;34m[2026-01-21 16:13:07][0m â•â•â•â•â•â•â•â•â•â•â•â•â•â•â•â•â•â•â•â•â•â•â•â•â•â•â•â•â•â•â•â•â•â•â•â•â•â•â•â•â•â•â•â•â•â•â•â•â•â•â•â•â•â•â•â•â•â•â•â•â•â•â•â•
[0;34m[2026-01-21 16:13:07][0m STAGE 2: PREPARE (Parse PLAN.md files, generate config)
[0;34m[2026-01-21 16:13:07][0m â•â•â•â•â•â•â•â•â•â•â•â•â•â•â•â•â•â•â•â•â•â•â•â•â•â•â•â•â•â•â•â•â•â•â•â•â•â•â•â•â•â•â•â•â•â•â•â•â•â•â•â•â•â•â•â•â•â•â•â•â•â•â•â•
[0;34m[2026-01-21 16:13:07][0m PLAN.md files will be parsed during issue creation
[0;32mâœ… STAGE 2 COMPLETE: Ready for issue creation[0m
[0;34m[2026-01-21 16:13:07][0m â•â•â•â•â•â•â•â•â•â•â•â•â•â•â•â•â•â•â•â•â•â•â•â•â•â•â•â•â•â•â•â•â•â•â•â•â•â•â•â•â•â•â•â•â•â•â•â•â•â•â•â•â•â•â•â•â•â•â•â•â•â•â•â•
[0;34m[2026-01-21 16:13:07][0m STAGE 3: CREATE (Create or update parent issues with deduplication)
[0;34m[2026-01-21 16:13:07][0m â•â•â•â•â•â•â•â•â•â•â•â•â•â•â•â•â•â•â•â•â•â•â•â•â•â•â•â•â•â•â•â•â•â•â•â•â•â•â•â•â•â•â•â•â•â•â•â•â•â•â•â•â•â•â•â•â•â•â•â•â•â•â•â•
[0;34m[2026-01-21 16:13:07][0m Processing AragonOSX PLAN-001...
[1;33mâš ï¸  Issue #431 already exists in Axodus/AragonOSX[0m
[0;34m[2026-01-21 16:13:08][0m Updating existing issue with latest content...
[0;32mâœ… Updated Axodus/AragonOSX issue #431 (no new issue created)[0m
[0;34m[2026-01-21 16:13:09][0m Processing aragon-app PLAN-002...
[1;33mâš ï¸  Issue #213 already exists in Axodus/aragon-app[0m
[0;34m[2026-01-21 16:13:09][0m Updating existing issue with latest content...
[0;32mâœ… Updated Axodus/aragon-app issue #213 (no new issue created)[0m
[0;34m[2026-01-21 16:13:10][0m Processing Aragon-app-backend PLAN-003...
[1;33mâš ï¸  Issue #46 already exists in Axodus/Aragon-app-backend[0m
[0;34m[2026-01-21 16:13:10][0m Updating existing issue with latest content...
[0;32mâœ… Updated Axodus/Aragon-app-backend issue #46 (no new issue created)[0m
[0;34m[2026-01-21 16:13:15][0m â•â•â•â•â•â•â•â•â•â•â•â•â•â•â•â•â•â•â•â•â•â•â•â•â•â•â•â•â•â•â•â•â•â•â•â•â•â•â•â•â•â•â•â•â•â•â•â•â•â•â•â•â•â•â•â•â•â•â•â•â•â•â•â•
[0;34m[2026-01-21 16:13:15][0m STAGE 3 COMPLETE: Issue creation summary
[0;34m[2026-01-21 16:13:15][0m â•â•â•â•â•â•â•â•â•â•â•â•â•â•â•â•â•â•â•â•â•â•â•â•â•â•â•â•â•â•â•â•â•â•â•â•â•â•â•â•â•â•â•â•â•â•â•â•â•â•â•â•â•â•â•â•â•â•â•â•â•â•â•â•
[0;32mâœ… AragonOSX:           #[1;33mâš ï¸  Issue #431 already exists in Axodus/AragonOSX[0m
[0;34m[2026-01-21 16:13:08][0m Updating existing issue with latest content...
[0;32mâœ… Updated Axodus/AragonOSX issue #431 (no new issue created)[0m
431[0m
[0;32mâœ… aragon-app:          #[1;33mâš ï¸  Issue #213 already exists in Axodus/aragon-app[0m
[0;34m[2026-01-21 16:13:09][0m Updating existing issue with latest content...
[0;32mâœ… Updated Axodus/aragon-app issue #213 (no new issue created)[0m
213[0m
[0;32mâœ… Aragon-app-backend:  #[1;33mâš ï¸  Issue #46 already exists in Axodus/Aragon-app-backend[0m
[0;34m[2026-01-21 16:13:10][0m Updating existing issue with latest content...
[0;32mâœ… Updated Axodus/Aragon-app-backend issue #46 (no new issue created)[0m
46[0m
[0;34m[2026-01-21 16:13:15][0m â•â•â•â•â•â•â•â•â•â•â•â•â•â•â•â•â•â•â•â•â•â•â•â•â•â•â•â•â•â•â•â•â•â•â•â•â•â•â•â•â•â•â•â•â•â•â•â•â•â•â•â•â•â•â•â•â•â•â•â•â•â•â•â•
[0;34m[2026-01-21 16:13:15][0m STAGE 4: FETCH (Verify created issues)
[0;34m[2026-01-21 16:13:15][0m â•â•â•â•â•â•â•â•â•â•â•â•â•â•â•â•â•â•â•â•â•â•â•â•â•â•â•â•â•â•â•â•â•â•â•â•â•â•â•â•â•â•â•â•â•â•â•â•â•â•â•â•â•â•â•â•â•â•â•â•â•â•â•â•
[0;34m[2026-01-21 16:13:15][0m Verifying issues exist in GitHub...
[1;33mâš ï¸  AragonOSX #431 not found[0m
[1;33mâš ï¸  aragon-app #213 not found[0m
[1;33mâš ï¸  Aragon-app-backend #46 not found[0m
[0;32mâœ… STAGE 4 COMPLETE: Issues verified[0m
[0;34m[2026-01-21 16:13:17][0m â•â•â•â•â•â•â•â•â•â•â•â•â•â•â•â•â•â•â•â•â•â•â•â•â•â•â•â•â•â•â•â•â•â•â•â•â•â•â•â•â•â•â•â•â•â•â•â•â•â•â•â•â•â•â•â•â•â•â•â•â•â•â•â•
[0;34m[2026-01-21 16:13:17][0m STAGE 5: APPLY METADATA (Prepare ProjectV2 sync)
[0;34m[2026-01-21 16:13:17][0m â•â•â•â•â•â•â•â•â•â•â•â•â•â•â•â•â•â•â•â•â•â•â•â•â•â•â•â•â•â•â•â•â•â•â•â•â•â•â•â•â•â•â•â•â•â•â•â•â•â•â•â•â•â•â•â•â•â•â•â•â•â•â•â•
[0;34m[2026-01-21 16:13:17][0m To apply custom fields to ProjectV2, run:
[0;34m[2026-01-21 16:13:17][0m   npm run apply-metadata
[0;34m[2026-01-21 16:13:17][0m 
[0;34m[2026-01-21 16:13:17][0m This will:
[0;34m[2026-01-21 16:13:17][0m   - Set Status field for all issues
[0;34m[2026-01-21 16:13:17][0m   - Set Priority (custom field)
[0;34m[2026-01-21 16:13:17][0m   - Set Estimate hours (custom field)
[0;34m[2026-01-21 16:13:17][0m   - Add to ProjectV2 board
[0;32mâœ… STAGE 5 COMPLETE: Metadata sync ready[0m
[0;34m[2026-01-21 16:13:17][0m â•â•â•â•â•â•â•â•â•â•â•â•â•â•â•â•â•â•â•â•â•â•â•â•â•â•â•â•â•â•â•â•â•â•â•â•â•â•â•â•â•â•â•â•â•â•â•â•â•â•â•â•â•â•â•â•â•â•â•â•â•â•â•â•
[0;34m[2026-01-21 16:13:17][0m STAGE 6: REPORTS (Generate audit logs)
[0;34m[2026-01-21 16:13:17][0m â•â•â•â•â•â•â•â•â•â•â•â•â•â•â•â•â•â•â•â•â•â•â•â•â•â•â•â•â•â•â•â•â•â•â•â•â•â•â•â•â•â•â•â•â•â•â•â•â•â•â•â•â•â•â•â•â•â•â•â•â•â•â•â•
[0;34m[2026-01-21 16:13:18][0m Audit log saved to: /mnt/d/Rede/Github/mzfshark/GitIssue-Manager/audit-logs/execution-20260121_161303.log

â•â•â•â•â•â•â•â•â•â•â•â•â•â•â•â•â•â•â•â•â•â•â•â•â•â•â•â•â•â•â•â•â•â•â•â•â•â•â•â•â•â•â•â•â•â•â•â•â•â•â•â•â•â•â•â•â•â•â•â•â•â•â•â•
PIPELINE EXECUTION COMPLETE
â•â•â•â•â•â•â•â•â•â•â•â•â•â•â•â•â•â•â•â•â•â•â•â•â•â•â•â•â•â•â•â•â•â•â•â•â•â•â•â•â•â•â•â•â•â•â•â•â•â•â•â•â•â•â•â•â•â•â•â•â•â•â•â•
Timestamp: 20260121_161303
Status: âœ… SUCCESS

[0;32mâœ… STAGE 6 COMPLETE: Audit logs generated[0m
