[0;34m[2026-01-21 16:57:21][0m â•â•â•â•â•â•â•â•â•â•â•â•â•â•â•â•â•â•â•â•â•â•â•â•â•â•â•â•â•â•â•â•â•â•â•â•â•â•â•â•â•â•â•â•â•â•â•â•â•â•â•â•â•â•â•â•â•â•â•â•â•â•â•â•
[0;34m[2026-01-21 16:57:21][0m STAGE 1: SETUP (Verify auth, repos, configuration)
[0;34m[2026-01-21 16:57:21][0m â•â•â•â•â•â•â•â•â•â•â•â•â•â•â•â•â•â•â•â•â•â•â•â•â•â•â•â•â•â•â•â•â•â•â•â•â•â•â•â•â•â•â•â•â•â•â•â•â•â•â•â•â•â•â•â•â•â•â•â•â•â•â•â•
[0;32mâœ… GitHub CLI authenticated[0m
[0;32mâœ… Repository accessible: Axodus/AragonOSX[0m
[0;32mâœ… Repository accessible: Axodus/aragon-app[0m
[0;32mâœ… Repository accessible: Axodus/Aragon-app-backend[0m
[0;32mâœ… STAGE 1 COMPLETE: All repositories verified[0m
[0;34m[2026-01-21 16:57:24][0m â•â•â•â•â•â•â•â•â•â•â•â•â•â•â•â•â•â•â•â•â•â•â•â•â•â•â•â•â•â•â•â•â•â•â•â•â•â•â•â•â•â•â•â•â•â•â•â•â•â•â•â•â•â•â•â•â•â•â•â•â•â•â•â•
[0;34m[2026-01-21 16:57:24][0m STAGE 2: PREPARE (Parse PLAN.md files, generate config)
[0;34m[2026-01-21 16:57:24][0m â•â•â•â•â•â•â•â•â•â•â•â•â•â•â•â•â•â•â•â•â•â•â•â•â•â•â•â•â•â•â•â•â•â•â•â•â•â•â•â•â•â•â•â•â•â•â•â•â•â•â•â•â•â•â•â•â•â•â•â•â•â•â•â•
[0;34m[2026-01-21 16:57:24][0m PLAN.md files will be parsed during issue creation
[0;32mâœ… STAGE 2 COMPLETE: Ready for issue creation[0m
[0;34m[2026-01-21 16:57:24][0m â•â•â•â•â•â•â•â•â•â•â•â•â•â•â•â•â•â•â•â•â•â•â•â•â•â•â•â•â•â•â•â•â•â•â•â•â•â•â•â•â•â•â•â•â•â•â•â•â•â•â•â•â•â•â•â•â•â•â•â•â•â•â•â•
[0;34m[2026-01-21 16:57:24][0m STAGE 3: CREATE (Create parent + child issues with auto-linking)
[0;34m[2026-01-21 16:57:24][0m â•â•â•â•â•â•â•â•â•â•â•â•â•â•â•â•â•â•â•â•â•â•â•â•â•â•â•â•â•â•â•â•â•â•â•â•â•â•â•â•â•â•â•â•â•â•â•â•â•â•â•â•â•â•â•â•â•â•â•â•â•â•â•â•
[0;34m[2026-01-21 16:57:24][0m Processing AragonOSX PLAN-001...
[1;33mâš ï¸  Issue #431 already exists in Axodus/AragonOSX[0m
[0;34m[2026-01-21 16:57:25][0m Updating existing issue with latest content...
[0;32mâœ… Updated Axodus/AragonOSX issue #431[0m
[0;32mâœ… AragonOSX parent issue: #[1;33mâš ï¸  Issue #431 already exists in Axodus/AragonOSX[0m
[0;34m[2026-01-21 16:57:25][0m Updating existing issue with latest content...
[0;32mâœ… Updated Axodus/AragonOSX issue #431[0m
431[0m
[0;34m[2026-01-21 16:57:26][0m Creating child issues for AragonOSX #[1;33mâš ï¸  Issue #431 already exists in Axodus/AragonOSX[0m
[0;34m[2026-01-21 16:57:25][0m Updating existing issue with latest content...
[0;32mâœ… Updated Axodus/AragonOSX issue #431[0m
431...
[0;34m[2026-01-21 16:57:26][0m Creating child issue: Indexing Resilience
[0;32mâœ… Created child issue #456: Indexing Resilience[0m
[0;34m[2026-01-21 16:57:27][0m Linking #456 to parent #[1;33mâš ï¸  Issue #431 already exists in Axodus/AragonOSX[0m
[0;34m[2026-01-21 16:57:25][0m Updating existing issue with latest content...
[0;32mâœ… Updated Axodus/AragonOSX issue #431[0m
431...
[1;33mâš ï¸  Could not link #456 to parent (may need manual linking)[0m
[0;34m[2026-01-21 16:57:28][0m Creating child issue: Plugin Uninstall (Safety & Cleanup)
[0;32mâœ… Created child issue #457: Plugin Uninstall (Safety & Cleanup)[0m
[0;34m[2026-01-21 16:57:30][0m Linking #457 to parent #[1;33mâš ï¸  Issue #431 already exists in Axodus/AragonOSX[0m
[0;34m[2026-01-21 16:57:25][0m Updating existing issue with latest content...
[0;32mâœ… Updated Axodus/AragonOSX issue #431[0m
431...
[1;33mâš ï¸  Could not link #457 to parent (may need manual linking)[0m
[0;34m[2026-01-21 16:57:31][0m Creating child issue: Metadata Redundancy (Resilient Proposal Metadata)
[0;32mâœ… Created child issue #458: Metadata Redundancy (Resilient Proposal Metadata)[0m
[0;34m[2026-01-21 16:57:32][0m Linking #458 to parent #[1;33mâš ï¸  Issue #431 already exists in Axodus/AragonOSX[0m
[0;34m[2026-01-21 16:57:25][0m Updating existing issue with latest content...
[0;32mâœ… Updated Axodus/AragonOSX issue #431[0m
431...
[1;33mâš ï¸  Could not link #458 to parent (may need manual linking)[0m
[0;34m[2026-01-21 16:57:33][0m Creating child issue: Native-Token Voting Support
[0;32mâœ… Created child issue #459: Native-Token Voting Support[0m
[0;34m[2026-01-21 16:57:34][0m Linking #459 to parent #[1;33mâš ï¸  Issue #431 already exists in Axodus/AragonOSX[0m
[0;34m[2026-01-21 16:57:25][0m Updating existing issue with latest content...
[0;32mâœ… Updated Axodus/AragonOSX issue #431[0m
431...
[1;33mâš ï¸  Could not link #459 to parent (may need manual linking)[0m
[0;34m[2026-01-21 16:57:34][0m Processing aragon-app PLAN-002...
[1;33mâš ï¸  Issue #213 already exists in Axodus/aragon-app[0m
[0;34m[2026-01-21 16:57:35][0m Updating existing issue with latest content...
[0;32mâœ… Updated Axodus/aragon-app issue #213[0m
[0;32mâœ… aragon-app parent issue: #[1;33mâš ï¸  Issue #213 already exists in Axodus/aragon-app[0m
[0;34m[2026-01-21 16:57:35][0m Updating existing issue with latest content...
[0;32mâœ… Updated Axodus/aragon-app issue #213[0m
213[0m
[0;34m[2026-01-21 16:57:36][0m Creating child issues for aragon-app #[1;33mâš ï¸  Issue #213 already exists in Axodus/aragon-app[0m
[0;34m[2026-01-21 16:57:35][0m Updating existing issue with latest content...
[0;32mâœ… Updated Axodus/aragon-app issue #213[0m
213...
[0;34m[2026-01-21 16:57:37][0m Creating child issue: Setup Forms (Validator Address Input)
[0;32mâœ… Created child issue #214: Setup Forms (Validator Address Input)[0m
[0;34m[2026-01-21 16:57:39][0m Linking #214 to parent #[1;33mâš ï¸  Issue #213 already exists in Axodus/aragon-app[0m
[0;34m[2026-01-21 16:57:35][0m Updating existing issue with latest content...
[0;32mâœ… Updated Axodus/aragon-app issue #213[0m
213...
[1;33mâš ï¸  Could not link #214 to parent (may need manual linking)[0m
[0;34m[2026-01-21 16:57:41][0m Creating child issue: Install Flows
[0;32mâœ… Created child issue #215: Install Flows[0m
[0;34m[2026-01-21 16:57:42][0m Linking #215 to parent #[1;33mâš ï¸  Issue #213 already exists in Axodus/aragon-app[0m
[0;34m[2026-01-21 16:57:35][0m Updating existing issue with latest content...
[0;32mâœ… Updated Axodus/aragon-app issue #213[0m
213...
[1;33mâš ï¸  Could not link #215 to parent (may need manual linking)[0m
[0;34m[2026-01-21 16:57:44][0m Creating child issue: UI Resilience
[0;32mâœ… Created child issue #216: UI Resilience[0m
[0;34m[2026-01-21 16:57:46][0m Linking #216 to parent #[1;33mâš ï¸  Issue #213 already exists in Axodus/aragon-app[0m
[0;34m[2026-01-21 16:57:35][0m Updating existing issue with latest content...
[0;32mâœ… Updated Axodus/aragon-app issue #213[0m
213...
[1;33mâš ï¸  Could not link #216 to parent (may need manual linking)[0m
[0;34m[2026-01-21 16:57:47][0m Creating child issue: Uninstall UX
[0;32mâœ… Created child issue #217: Uninstall UX[0m
[0;34m[2026-01-21 16:57:48][0m Linking #217 to parent #[1;33mâš ï¸  Issue #213 already exists in Axodus/aragon-app[0m
[0;34m[2026-01-21 16:57:35][0m Updating existing issue with latest content...
[0;32mâœ… Updated Axodus/aragon-app issue #213[0m
213...
[1;33mâš ï¸  Could not link #217 to parent (may need manual linking)[0m
[0;34m[2026-01-21 16:57:49][0m Processing Aragon-app-backend PLAN-003...
[1;33mâš ï¸  Issue #46 already exists in Axodus/Aragon-app-backend[0m
[0;34m[2026-01-21 16:57:49][0m Updating existing issue with latest content...
[0;32mâœ… Updated Axodus/Aragon-app-backend issue #46[0m
[0;32mâœ… Aragon-app-backend parent issue: #[1;33mâš ï¸  Issue #46 already exists in Axodus/Aragon-app-backend[0m
[0;34m[2026-01-21 16:57:49][0m Updating existing issue with latest content...
[0;32mâœ… Updated Axodus/Aragon-app-backend issue #46[0m
46[0m
[0;34m[2026-01-21 16:57:54][0m Creating child issues for Aragon-app-backend #[1;33mâš ï¸  Issue #46 already exists in Axodus/Aragon-app-backend[0m
[0;34m[2026-01-21 16:57:49][0m Updating existing issue with latest content...
[0;32mâœ… Updated Axodus/Aragon-app-backend issue #46[0m
46...
[0;34m[2026-01-21 16:57:55][0m Creating child issue: Event Handlers (VoteCast, Proposal, Execute)
[0;32mâœ… Created child issue #47: Event Handlers (VoteCast, Proposal, Execute)[0m
[0;34m[2026-01-21 16:57:56][0m Linking #47 to parent #[1;33mâš ï¸  Issue #46 already exists in Axodus/Aragon-app-backend[0m
[0;34m[2026-01-21 16:57:49][0m Updating existing issue with latest content...
[0;32mâœ… Updated Axodus/Aragon-app-backend issue #46[0m
46...
[1;33mâš ï¸  Could not link #47 to parent (may need manual linking)[0m
[0;34m[2026-01-21 16:57:57][0m Creating child issue: Indexing Resilience (Retry logic, Circuit Breakers)
[0;32mâœ… Created child issue #48: Indexing Resilience (Retry logic, Circuit Breakers)[0m
[0;34m[2026-01-21 16:57:58][0m Linking #48 to parent #[1;33mâš ï¸  Issue #46 already exists in Axodus/Aragon-app-backend[0m
[0;34m[2026-01-21 16:57:49][0m Updating existing issue with latest content...
[0;32mâœ… Updated Axodus/Aragon-app-backend issue #46[0m
46...
[1;33mâš ï¸  Could not link #48 to parent (may need manual linking)[0m
