[0;36mâ„¹ï¸  Mode: Single Stage Execution (STAGE 2)[0m
[0;34m[2026-01-21 17:12:52][0m â•â•â•â•â•â•â•â•â•â•â•â•â•â•â•â•â•â•â•â•â•â•â•â•â•â•â•â•â•â•â•â•â•â•â•â•â•â•â•â•â•â•â•â•â•â•â•â•â•â•â•â•â•â•â•â•â•â•â•â•â•â•â•â•
[0;34m[2026-01-21 17:12:52][0m STAGE 2: PREPARE (Parse PLAN.md files, generate config)
[0;34m[2026-01-21 17:12:52][0m â•â•â•â•â•â•â•â•â•â•â•â•â•â•â•â•â•â•â•â•â•â•â•â•â•â•â•â•â•â•â•â•â•â•â•â•â•â•â•â•â•â•â•â•â•â•â•â•â•â•â•â•â•â•â•â•â•â•â•â•â•â•â•â•
[0;34m[2026-01-21 17:12:52][0m PLAN.md files will be parsed during issue creation
[0;32mâœ… STAGE 2 COMPLETE: Ready for issue creation[0m
[0;36mâ„¹ï¸  Mode: Single Stage Execution (STAGE 3)[0m
[0;34m[2026-01-21 17:12:52][0m â•â•â•â•â•â•â•â•â•â•â•â•â•â•â•â•â•â•â•â•â•â•â•â•â•â•â•â•â•â•â•â•â•â•â•â•â•â•â•â•â•â•â•â•â•â•â•â•â•â•â•â•â•â•â•â•â•â•â•â•â•â•â•â•
[0;34m[2026-01-21 17:12:52][0m STAGE 3: CREATE (Create parent + child issues with auto-linking)
[0;34m[2026-01-21 17:12:52][0m â•â•â•â•â•â•â•â•â•â•â•â•â•â•â•â•â•â•â•â•â•â•â•â•â•â•â•â•â•â•â•â•â•â•â•â•â•â•â•â•â•â•â•â•â•â•â•â•â•â•â•â•â•â•â•â•â•â•â•â•â•â•â•â•
[0;34m[2026-01-21 17:12:52][0m Processing AragonOSX PLAN-001...
[1;33mâš ï¸  Issue #431 already exists in Axodus/AragonOSX[0m
[0;34m[2026-01-21 17:12:53][0m Updating existing issue with latest content...
[0;32mâœ… Updated Axodus/AragonOSX issue #431[0m
[0;32mâœ… AragonOSX parent issue: #[1;33mâš ï¸  Issue #431 already exists in Axodus/AragonOSX[0m
[0;34m[2026-01-21 17:12:53][0m Updating existing issue with latest content...
[0;32mâœ… Updated Axodus/AragonOSX issue #431[0m
431[0m
[0;34m[2026-01-21 17:12:54][0m Creating child issues for AragonOSX #[1;33mâš ï¸  Issue #431 already exists in Axodus/AragonOSX[0m
[0;34m[2026-01-21 17:12:53][0m Updating existing issue with latest content...
[0;32mâœ… Updated Axodus/AragonOSX issue #431[0m
431...
[0;36mâ„¹ï¸  Child issue already exists: #456 (Indexing Resilience)[0m
[0;36mâ„¹ï¸  Child issue already exists: #457 (Plugin Uninstall (Safety & Cleanup))[0m
[0;36mâ„¹ï¸  Child issue already exists: #458 (Metadata Redundancy (Resilient Proposal Metadata))[0m
[0;36mâ„¹ï¸  Child issue already exists: #459 (Native-Token Voting Support)[0m
[0;34m[2026-01-21 17:12:56][0m Processing aragon-app PLAN-002...
[1;33mâš ï¸  Issue #213 already exists in Axodus/aragon-app[0m
[0;34m[2026-01-21 17:12:57][0m Updating existing issue with latest content...
[0;32mâœ… Updated Axodus/aragon-app issue #213[0m
[0;32mâœ… aragon-app parent issue: #[1;33mâš ï¸  Issue #213 already exists in Axodus/aragon-app[0m
[0;34m[2026-01-21 17:12:57][0m Updating existing issue with latest content...
[0;32mâœ… Updated Axodus/aragon-app issue #213[0m
213[0m
[0;34m[2026-01-21 17:12:58][0m Creating child issues for aragon-app #[1;33mâš ï¸  Issue #213 already exists in Axodus/aragon-app[0m
[0;34m[2026-01-21 17:12:57][0m Updating existing issue with latest content...
[0;32mâœ… Updated Axodus/aragon-app issue #213[0m
213...
[0;36mâ„¹ï¸  Child issue already exists: #214 (Setup Forms (Validator Address Input))[0m
[0;36mâ„¹ï¸  Child issue already exists: #215 (Install Flows)[0m
[0;36mâ„¹ï¸  Child issue already exists: #216 (UI Resilience)[0m
[0;36mâ„¹ï¸  Child issue already exists: #217 (Uninstall UX)[0m
[0;34m[2026-01-21 17:13:00][0m Processing Aragon-app-backend PLAN-003...
[1;33mâš ï¸  Issue #46 already exists in Axodus/Aragon-app-backend[0m
[0;34m[2026-01-21 17:13:01][0m Updating existing issue with latest content...
[0;32mâœ… Updated Axodus/Aragon-app-backend issue #46[0m
[0;32mâœ… Aragon-app-backend parent issue: #[1;33mâš ï¸  Issue #46 already exists in Axodus/Aragon-app-backend[0m
[0;34m[2026-01-21 17:13:01][0m Updating existing issue with latest content...
[0;32mâœ… Updated Axodus/Aragon-app-backend issue #46[0m
46[0m
[0;34m[2026-01-21 17:13:02][0m Creating child issues for Aragon-app-backend #[1;33mâš ï¸  Issue #46 already exists in Axodus/Aragon-app-backend[0m
[0;34m[2026-01-21 17:13:01][0m Updating existing issue with latest content...
[0;32mâœ… Updated Axodus/Aragon-app-backend issue #46[0m
46...
[0;36mâ„¹ï¸  Child issue already exists: #47 (Event Handlers (VoteCast, Proposal, Execute))[0m
[0;36mâ„¹ï¸  Child issue already exists: #48 (Indexing Resilience (Retry logic, Circuit Breakers))[0m
[0;36mâ„¹ï¸  Child issue already exists: #49 (Observability (Prometheus, Logging, Dashboards))[0m
[0;36mâ„¹ï¸  Child issue already exists: #50 (Metadata Indexing (IPFS Fallback))[0m
[0;36mâ„¹ï¸  Child issue already exists: #51 (Native-Token Support)[0m
[0;36mâ„¹ï¸  Child issue already exists: #52 (E2E Testing & Deploy)[0m
[0;32mâœ… STAGE 3 COMPLETE: All issues and child issues created[0m
