[0;34m[2026-01-21 16:58:20][0m â•â•â•â•â•â•â•â•â•â•â•â•â•â•â•â•â•â•â•â•â•â•â•â•â•â•â•â•â•â•â•â•â•â•â•â•â•â•â•â•â•â•â•â•â•â•â•â•â•â•â•â•â•â•â•â•â•â•â•â•â•â•â•â•
[0;34m[2026-01-21 16:58:20][0m STAGE 1: SETUP (Verify auth, repos, configuration)
[0;34m[2026-01-21 16:58:20][0m â•â•â•â•â•â•â•â•â•â•â•â•â•â•â•â•â•â•â•â•â•â•â•â•â•â•â•â•â•â•â•â•â•â•â•â•â•â•â•â•â•â•â•â•â•â•â•â•â•â•â•â•â•â•â•â•â•â•â•â•â•â•â•â•
[0;32mâœ… GitHub CLI authenticated[0m
[0;32mâœ… Repository accessible: Axodus/AragonOSX[0m
[0;32mâœ… Repository accessible: Axodus/aragon-app[0m
[0;32mâœ… Repository accessible: Axodus/Aragon-app-backend[0m
[0;32mâœ… STAGE 1 COMPLETE: All repositories verified[0m
[0;34m[2026-01-21 16:58:23][0m â•â•â•â•â•â•â•â•â•â•â•â•â•â•â•â•â•â•â•â•â•â•â•â•â•â•â•â•â•â•â•â•â•â•â•â•â•â•â•â•â•â•â•â•â•â•â•â•â•â•â•â•â•â•â•â•â•â•â•â•â•â•â•â•
[0;34m[2026-01-21 16:58:23][0m STAGE 2: PREPARE (Parse PLAN.md files, generate config)
[0;34m[2026-01-21 16:58:23][0m â•â•â•â•â•â•â•â•â•â•â•â•â•â•â•â•â•â•â•â•â•â•â•â•â•â•â•â•â•â•â•â•â•â•â•â•â•â•â•â•â•â•â•â•â•â•â•â•â•â•â•â•â•â•â•â•â•â•â•â•â•â•â•â•
[0;34m[2026-01-21 16:58:23][0m PLAN.md files will be parsed during issue creation
[0;32mâœ… STAGE 2 COMPLETE: Ready for issue creation[0m
[0;34m[2026-01-21 16:58:23][0m â•â•â•â•â•â•â•â•â•â•â•â•â•â•â•â•â•â•â•â•â•â•â•â•â•â•â•â•â•â•â•â•â•â•â•â•â•â•â•â•â•â•â•â•â•â•â•â•â•â•â•â•â•â•â•â•â•â•â•â•â•â•â•â•
[0;34m[2026-01-21 16:58:23][0m STAGE 3: CREATE (Create parent + child issues with auto-linking)
[0;34m[2026-01-21 16:58:23][0m â•â•â•â•â•â•â•â•â•â•â•â•â•â•â•â•â•â•â•â•â•â•â•â•â•â•â•â•â•â•â•â•â•â•â•â•â•â•â•â•â•â•â•â•â•â•â•â•â•â•â•â•â•â•â•â•â•â•â•â•â•â•â•â•
[0;34m[2026-01-21 16:58:23][0m Processing AragonOSX PLAN-001...
[1;33mâš ï¸  Issue #431 already exists in Axodus/AragonOSX[0m
[0;34m[2026-01-21 16:58:23][0m Updating existing issue with latest content...
[0;32mâœ… Updated Axodus/AragonOSX issue #431[0m
[0;32mâœ… AragonOSX parent issue: #[1;33mâš ï¸  Issue #431 already exists in Axodus/AragonOSX[0m
[0;34m[2026-01-21 16:58:23][0m Updating existing issue with latest content...
[0;32mâœ… Updated Axodus/AragonOSX issue #431[0m
431[0m
[0;34m[2026-01-21 16:58:24][0m Creating child issues for AragonOSX #[1;33mâš ï¸  Issue #431 already exists in Axodus/AragonOSX[0m
[0;34m[2026-01-21 16:58:23][0m Updating existing issue with latest content...
[0;32mâœ… Updated Axodus/AragonOSX issue #431[0m
431...
[0;36mâ„¹ï¸  Child issue already exists: #456 (Indexing Resilience)[0m
[0;36mâ„¹ï¸  Child issue already exists: #457 (Plugin Uninstall (Safety & Cleanup))[0m
[0;36mâ„¹ï¸  Child issue already exists: #458 (Metadata Redundancy (Resilient Proposal Metadata))[0m
[0;36mâ„¹ï¸  Child issue already exists: #459 (Native-Token Voting Support)[0m
[0;34m[2026-01-21 16:58:31][0m Processing aragon-app PLAN-002...
[1;33mâš ï¸  Issue #213 already exists in Axodus/aragon-app[0m
[0;34m[2026-01-21 16:58:32][0m Updating existing issue with latest content...
[0;32mâœ… Updated Axodus/aragon-app issue #213[0m
[0;32mâœ… aragon-app parent issue: #[1;33mâš ï¸  Issue #213 already exists in Axodus/aragon-app[0m
[0;34m[2026-01-21 16:58:32][0m Updating existing issue with latest content...
[0;32mâœ… Updated Axodus/aragon-app issue #213[0m
213[0m
[0;34m[2026-01-21 16:58:33][0m Creating child issues for aragon-app #[1;33mâš ï¸  Issue #213 already exists in Axodus/aragon-app[0m
[0;34m[2026-01-21 16:58:32][0m Updating existing issue with latest content...
[0;32mâœ… Updated Axodus/aragon-app issue #213[0m
213...
[0;36mâ„¹ï¸  Child issue already exists: #214 (Setup Forms (Validator Address Input))[0m
[0;36mâ„¹ï¸  Child issue already exists: #215 (Install Flows)[0m
[0;36mâ„¹ï¸  Child issue already exists: #216 (UI Resilience)[0m
[0;36mâ„¹ï¸  Child issue already exists: #217 (Uninstall UX)[0m
[0;34m[2026-01-21 16:58:35][0m Processing Aragon-app-backend PLAN-003...
[1;33mâš ï¸  Issue #46 already exists in Axodus/Aragon-app-backend[0m
[0;34m[2026-01-21 16:58:36][0m Updating existing issue with latest content...
[0;32mâœ… Updated Axodus/Aragon-app-backend issue #46[0m
[0;32mâœ… Aragon-app-backend parent issue: #[1;33mâš ï¸  Issue #46 already exists in Axodus/Aragon-app-backend[0m
[0;34m[2026-01-21 16:58:36][0m Updating existing issue with latest content...
[0;32mâœ… Updated Axodus/Aragon-app-backend issue #46[0m
46[0m
[0;34m[2026-01-21 16:58:37][0m Creating child issues for Aragon-app-backend #[1;33mâš ï¸  Issue #46 already exists in Axodus/Aragon-app-backend[0m
[0;34m[2026-01-21 16:58:36][0m Updating existing issue with latest content...
[0;32mâœ… Updated Axodus/Aragon-app-backend issue #46[0m
46...
[0;36mâ„¹ï¸  Child issue already exists: #47 (Event Handlers (VoteCast, Proposal, Execute))[0m
[0;36mâ„¹ï¸  Child issue already exists: #48 (Indexing Resilience (Retry logic, Circuit Breakers))[0m
[0;34m[2026-01-21 16:58:38][0m Creating child issue: Observability (Prometheus, Logging, Dashboards)
[0;32mâœ… Created child issue #49: Observability (Prometheus, Logging, Dashboards)[0m
[0;34m[2026-01-21 16:58:39][0m Linking #49 to parent #[1;33mâš ï¸  Issue #46 already exists in Axodus/Aragon-app-backend[0m
[0;34m[2026-01-21 16:58:36][0m Updating existing issue with latest content...
[0;32mâœ… Updated Axodus/Aragon-app-backend issue #46[0m
46...
[1;33mâš ï¸  Could not link #49 to parent (may need manual linking)[0m
[0;34m[2026-01-21 16:58:40][0m Creating child issue: Metadata Indexing (IPFS Fallback)
[0;32mâœ… Created child issue #50: Metadata Indexing (IPFS Fallback)[0m
[0;34m[2026-01-21 16:58:41][0m Linking #50 to parent #[1;33mâš ï¸  Issue #46 already exists in Axodus/Aragon-app-backend[0m
[0;34m[2026-01-21 16:58:36][0m Updating existing issue with latest content...
[0;32mâœ… Updated Axodus/Aragon-app-backend issue #46[0m
46...
[1;33mâš ï¸  Could not link #50 to parent (may need manual linking)[0m
[0;34m[2026-01-21 16:58:42][0m Creating child issue: Native-Token Support
[0;32mâœ… Created child issue #51: Native-Token Support[0m
[0;34m[2026-01-21 16:58:43][0m Linking #51 to parent #[1;33mâš ï¸  Issue #46 already exists in Axodus/Aragon-app-backend[0m
[0;34m[2026-01-21 16:58:36][0m Updating existing issue with latest content...
[0;32mâœ… Updated Axodus/Aragon-app-backend issue #46[0m
46...
[1;33mâš ï¸  Could not link #51 to parent (may need manual linking)[0m
[0;34m[2026-01-21 16:58:43][0m Creating child issue: E2E Testing & Deploy
[0;32mâœ… Created child issue #52: E2E Testing & Deploy[0m
[0;34m[2026-01-21 16:58:44][0m Linking #52 to parent #[1;33mâš ï¸  Issue #46 already exists in Axodus/Aragon-app-backend[0m
[0;34m[2026-01-21 16:58:36][0m Updating existing issue with latest content...
[0;32mâœ… Updated Axodus/Aragon-app-backend issue #46[0m
46...
[1;33mâš ï¸  Could not link #52 to parent (may need manual linking)[0m
[0;32mâœ… STAGE 3 COMPLETE: All issues and child issues created[0m
[0;34m[2026-01-21 16:58:44][0m â•â•â•â•â•â•â•â•â•â•â•â•â•â•â•â•â•â•â•â•â•â•â•â•â•â•â•â•â•â•â•â•â•â•â•â•â•â•â•â•â•â•â•â•â•â•â•â•â•â•â•â•â•â•â•â•â•â•â•â•â•â•â•â•
[0;34m[2026-01-21 16:58:44][0m STAGE 4: FETCH (Verify created issues)
[0;34m[2026-01-21 16:58:44][0m â•â•â•â•â•â•â•â•â•â•â•â•â•â•â•â•â•â•â•â•â•â•â•â•â•â•â•â•â•â•â•â•â•â•â•â•â•â•â•â•â•â•â•â•â•â•â•â•â•â•â•â•â•â•â•â•â•â•â•â•â•â•â•â•
[0;34m[2026-01-21 16:58:44][0m Verifying issues exist in GitHub...
[1;33mâš ï¸  AragonOSX #431 not found[0m
